<?xml version="1.0" encoding="UTF-8"?>
<testng-results skipped="0" failed="0" total="1" passed="1">
  <reporter-output>
  </reporter-output>
  <suite name="Default suite" duration-ms="53297" started-at="2020-01-13T12:37:26Z" finished-at="2020-01-13T12:38:19Z">
    <groups>
    </groups>
    <test name="Default test" duration-ms="53297" started-at="2020-01-13T12:37:26Z" finished-at="2020-01-13T12:38:19Z">
      <class name="pomTest.EcoTest">
        <test-method status="PASS" signature="beforeTest()[pri:0, instance:pomTest.EcoTest@6ea6d14e]" name="beforeTest" is-config="true" duration-ms="36290" started-at="2020-01-13T18:07:26Z" finished-at="2020-01-13T18:08:02Z">
          <reporter-output>
          </reporter-output>
        </test-method> <!-- beforeTest -->
        <test-method status="PASS" signature="checkAlert()[pri:0, instance:pomTest.EcoTest@6ea6d14e]" name="checkAlert" duration-ms="10952" started-at="2020-01-13T18:08:02Z" finished-at="2020-01-13T18:08:13Z">
          <reporter-output>
          </reporter-output>
        </test-method> <!-- checkAlert -->
        <test-method status="PASS" signature="afterTest()[pri:0, instance:pomTest.EcoTest@6ea6d14e]" name="afterTest" is-config="true" duration-ms="5992" started-at="2020-01-13T18:08:13Z" finished-at="2020-01-13T18:08:19Z">
          <reporter-output>
          </reporter-output>
        </test-method> <!-- afterTest -->
      </class> <!-- pomTest.EcoTest -->
    </test> <!-- Default test -->
  </suite> <!-- Default suite -->
</testng-results>
